<?xml version="1.0" encoding="UTF-8"?>
<!-- Generated by org.testng.reporters.JUnitXMLReporter -->
<testsuite ignored="0" hostname="Jamalpc" failures="0" tests="1" name="Test" time="0.052" errors="0" timestamp="25 Apr 2020 03:37:31 GMT">
  <testcase classname="crossBrowser.MultiBrowserByParameter" name="@BeforeTest setup" time="0.0">
    <failure type="org.testng.TestNGException" message="
Parameter &amp;apos;browserName&amp;apos; is required by BeforeTest on method setup but has not been marked @Optional or defined
in C:\Users\chowd\eclipse-workspaceITTraining\MavenTesting\JamalChowdhury.xml">
      <![CDATA[org.testng.TestNGException: 
Parameter 'browserName' is required by BeforeTest on method setup but has not been marked @Optional or defined
in C:\Users\chowd\eclipse-workspaceITTraining\MavenTesting\JamalChowdhury.xml
... Removed 21 stack frames]]>
    </failure>
  </testcase> <!-- @BeforeTest setup -->
  <testcase classname="crossBrowser.MultiBrowserByParameter" name="googleTest" time="0.0">
    <skipped/>
  </testcase> <!-- googleTest -->
</testsuite> <!-- Test -->
